0 info it worked if it ends with ok
1 verbose cli [ '/Users/SVD/.nvm/versions/node/v6.8.0/bin/node',
1 verbose cli   '/Users/SVD/.nvm/versions/node/v6.8.0/bin/npm',
1 verbose cli   'run',
1 verbose cli   'development' ]
2 info using npm@4.0.3
3 info using node@v6.8.0
4 verbose run-script [ 'predevelopment', 'development', 'postdevelopment' ]
5 info lifecycle peer@0.1.0~predevelopment: peer@0.1.0
6 silly lifecycle peer@0.1.0~predevelopment: no script for predevelopment, continuing
7 info lifecycle peer@0.1.0~development: peer@0.1.0
8 verbose lifecycle peer@0.1.0~development: unsafe-perm in lifecycle true
9 verbose lifecycle peer@0.1.0~development: PATH: /Users/SVD/.nvm/versions/node/v6.8.0/lib/node_modules/npm/bin/node-gyp-bin:/Users/SVD/Documents/school/Devine_2016-2017/ExpWeb/_OPDRACHT/DD&D/code/peer/node_modules/.bin:/Users/SVD/.nvm/versions/node/v6.8.0/bin:/usr/local/bin:/usr/bin:/bin:/usr/sbin:/sbin:/Users/SVD/.composer/vendor/bin
10 verbose lifecycle peer@0.1.0~development: CWD: /Users/SVD/Documents/school/Devine_2016-2017/ExpWeb/_OPDRACHT/DD&D/code/peer
11 silly lifecycle peer@0.1.0~development: Args: [ '-c', 'nodemon .' ]
12 info lifecycle peer@0.1.0~development: Failed to exec development script
13 verbose stack Error: peer@0.1.0 development: `nodemon .`
13 verbose stack spawn ENOENT
13 verbose stack     at ChildProcess.<anonymous> (/Users/SVD/.nvm/versions/node/v6.8.0/lib/node_modules/npm/lib/utils/spawn.js:33:16)
13 verbose stack     at emitTwo (events.js:106:13)
13 verbose stack     at ChildProcess.emit (events.js:191:7)
13 verbose stack     at maybeClose (internal/child_process.js:877:16)
13 verbose stack     at Process.ChildProcess._handle.onexit (internal/child_process.js:226:5)
14 verbose pkgid peer@0.1.0
15 verbose cwd /Users/SVD/Documents/school/Devine_2016-2017/ExpWeb/_OPDRACHT/DD&D/code/peer
16 error Darwin 15.5.0
17 error argv "/Users/SVD/.nvm/versions/node/v6.8.0/bin/node" "/Users/SVD/.nvm/versions/node/v6.8.0/bin/npm" "run" "development"
18 error node v6.8.0
19 error npm  v4.0.3
20 error file sh
21 error code ELIFECYCLE
22 error errno ENOENT
23 error syscall spawn
24 error peer@0.1.0 development: `nodemon .`
24 error spawn ENOENT
25 error Failed at the peer@0.1.0 development script 'nodemon .'.
25 error Make sure you have the latest version of node.js and npm installed.
25 error If you do, this is most likely a problem with the peer package,
25 error not with npm itself.
25 error Tell the author that this fails on your system:
25 error     nodemon .
25 error You can get information on how to open an issue for this project with:
25 error     npm bugs peer
25 error Or if that isn't available, you can get their info via:
25 error     npm owner ls peer
25 error There is likely additional logging output above.
26 verbose exit [ 1, true ]
