0 info it worked if it ends with ok
1 verbose cli [ '/Users/SVD/.nvm/versions/node/v6.8.0/bin/node',
1 verbose cli   '/Users/SVD/.nvm/versions/node/v6.8.0/bin/npm',
1 verbose cli   'run',
1 verbose cli   'development' ]
2 info using npm@4.0.3
3 info using node@v6.8.0
4 verbose config Skipping project config: /Users/SVD/.npmrc. (matches userconfig)
5 verbose stack Error: ENOENT: no such file or directory, open '/Users/SVD/package.json'
5 verbose stack     at Error (native)
6 verbose cwd /Users/SVD/Documents/school/Devine_2016-2017/ExpWeb/_OPDRACHT/Project/OnderInvloed/Design
7 error Darwin 15.5.0
8 error argv "/Users/SVD/.nvm/versions/node/v6.8.0/bin/node" "/Users/SVD/.nvm/versions/node/v6.8.0/bin/npm" "run" "development"
9 error node v6.8.0
10 error npm  v4.0.3
11 error path /Users/SVD/package.json
12 error code ENOENT
13 error errno -2
14 error syscall open
15 error enoent ENOENT: no such file or directory, open '/Users/SVD/package.json'
16 error enoent ENOENT: no such file or directory, open '/Users/SVD/package.json'
16 error enoent This is most likely not a problem with npm itself
16 error enoent and is related to npm not being able to find a file.
17 verbose exit [ -2, true ]
