0 info it worked if it ends with ok
1 verbose cli [ '/Users/Elise/.nvm/versions/node/v6.7.0/bin/node',
1 verbose cli   '/Users/Elise/.nvm/versions/node/v6.7.0/bin/npm',
1 verbose cli   'install',
1 verbose cli   '--save',
1 verbose cli   'react@15.4.1',
1 verbose cli   'react-dom@15.4.1',
1 verbose cli   'three0.82.1' ]
2 info using npm@3.10.3
3 info using node@v6.7.0
4 silly loadCurrentTree Starting
5 silly install loadCurrentTree
6 silly install readLocalPackageData
7 silly fetchPackageMetaData react@15.4.1
8 silly fetchPackageMetaData react-dom@15.4.1
9 silly fetchPackageMetaData three0.82.1
10 silly fetchNamedPackageData react
11 silly mapToRegistry name react
12 silly mapToRegistry using default registry
13 silly mapToRegistry registry https://registry.npmjs.org/
14 silly mapToRegistry data Result {
14 silly mapToRegistry   raw: 'react',
14 silly mapToRegistry   scope: null,
14 silly mapToRegistry   escapedName: 'react',
14 silly mapToRegistry   name: 'react',
14 silly mapToRegistry   rawSpec: '',
14 silly mapToRegistry   spec: 'latest',
14 silly mapToRegistry   type: 'tag' }
15 silly mapToRegistry uri https://registry.npmjs.org/react
16 silly fetchNamedPackageData react-dom
17 silly mapToRegistry name react-dom
18 silly mapToRegistry using default registry
19 silly mapToRegistry registry https://registry.npmjs.org/
20 silly mapToRegistry data Result {
20 silly mapToRegistry   raw: 'react-dom',
20 silly mapToRegistry   scope: null,
20 silly mapToRegistry   escapedName: 'react-dom',
20 silly mapToRegistry   name: 'react-dom',
20 silly mapToRegistry   rawSpec: '',
20 silly mapToRegistry   spec: 'latest',
20 silly mapToRegistry   type: 'tag' }
21 silly mapToRegistry uri https://registry.npmjs.org/react-dom
22 silly fetchNamedPackageData three0.82.1
23 silly mapToRegistry name three0.82.1
24 silly mapToRegistry using default registry
25 silly mapToRegistry registry https://registry.npmjs.org/
26 silly mapToRegistry data Result {
26 silly mapToRegistry   raw: 'three0.82.1',
26 silly mapToRegistry   scope: null,
26 silly mapToRegistry   escapedName: 'three0.82.1',
26 silly mapToRegistry   name: 'three0.82.1',
26 silly mapToRegistry   rawSpec: '',
26 silly mapToRegistry   spec: 'latest',
26 silly mapToRegistry   type: 'tag' }
27 silly mapToRegistry uri https://registry.npmjs.org/three0.82.1
28 verbose request uri https://registry.npmjs.org/three0.82.1
29 verbose request no auth needed
30 info attempt registry request try #1 at 12:44:28 PM
31 verbose request id 2346ef17fe52ad02
32 http request GET https://registry.npmjs.org/three0.82.1
33 verbose request uri https://registry.npmjs.org/react-dom
34 verbose request no auth needed
35 info attempt registry request try #1 at 12:44:28 PM
36 verbose etag W/"58459d8f-f908"
37 verbose lastModified Mon, 05 Dec 2016 17:02:07 GMT
38 http request GET https://registry.npmjs.org/react-dom
39 verbose request uri https://registry.npmjs.org/react
40 verbose request no auth needed
41 info attempt registry request try #1 at 12:44:28 PM
42 verbose etag W/"58466264-20fc4"
43 verbose lastModified Tue, 06 Dec 2016 07:01:56 GMT
44 http request GET https://registry.npmjs.org/react
45 http 304 https://registry.npmjs.org/react
46 verbose headers { date: 'Thu, 08 Dec 2016 11:44:28 GMT',
46 verbose headers   via: '1.1 varnish',
46 verbose headers   'cache-control': 'max-age=300',
46 verbose headers   etag: 'W/"58466264-20fc4"',
46 verbose headers   age: '184',
46 verbose headers   connection: 'keep-alive',
46 verbose headers   'x-served-by': 'cache-lcy1150-LCY',
46 verbose headers   'x-cache': 'HIT',
46 verbose headers   'x-cache-hits': '3',
46 verbose headers   'x-timer': 'S1481197468.662757,VS0,VE0',
46 verbose headers   vary: 'Accept-Encoding' }
47 silly get cb [ 304,
47 silly get   { date: 'Thu, 08 Dec 2016 11:44:28 GMT',
47 silly get     via: '1.1 varnish',
47 silly get     'cache-control': 'max-age=300',
47 silly get     etag: 'W/"58466264-20fc4"',
47 silly get     age: '184',
47 silly get     connection: 'keep-alive',
47 silly get     'x-served-by': 'cache-lcy1150-LCY',
47 silly get     'x-cache': 'HIT',
47 silly get     'x-cache-hits': '3',
47 silly get     'x-timer': 'S1481197468.662757,VS0,VE0',
47 silly get     vary: 'Accept-Encoding' } ]
48 verbose etag https://registry.npmjs.org/react from cache
49 verbose get saving react to /Users/Elise/.npm/registry.npmjs.org/react/.cache.json
50 verbose correctMkdir /Users/Elise/.npm correctMkdir not in flight; initializing
51 http 304 https://registry.npmjs.org/react-dom
52 verbose headers { date: 'Thu, 08 Dec 2016 11:44:28 GMT',
52 verbose headers   via: '1.1 varnish',
52 verbose headers   'cache-control': 'max-age=300',
52 verbose headers   etag: 'W/"58459d8f-f908"',
52 verbose headers   age: '291',
52 verbose headers   connection: 'keep-alive',
52 verbose headers   'x-served-by': 'cache-lcy1149-LCY',
52 verbose headers   'x-cache': 'HIT',
52 verbose headers   'x-cache-hits': '3',
52 verbose headers   'x-timer': 'S1481197468.663516,VS0,VE0',
52 verbose headers   vary: 'Accept-Encoding' }
53 silly get cb [ 304,
53 silly get   { date: 'Thu, 08 Dec 2016 11:44:28 GMT',
53 silly get     via: '1.1 varnish',
53 silly get     'cache-control': 'max-age=300',
53 silly get     etag: 'W/"58459d8f-f908"',
53 silly get     age: '291',
53 silly get     connection: 'keep-alive',
53 silly get     'x-served-by': 'cache-lcy1149-LCY',
53 silly get     'x-cache': 'HIT',
53 silly get     'x-cache-hits': '3',
53 silly get     'x-timer': 'S1481197468.663516,VS0,VE0',
53 silly get     vary: 'Accept-Encoding' } ]
54 verbose etag https://registry.npmjs.org/react-dom from cache
55 verbose get saving react-dom to /Users/Elise/.npm/registry.npmjs.org/react-dom/.cache.json
56 verbose correctMkdir /Users/Elise/.npm correctMkdir already in flight; waiting
57 http 404 https://registry.npmjs.org/three0.82.1
58 verbose headers { 'content-type': 'application/json',
58 verbose headers   'cache-control': 'max-age=0',
58 verbose headers   'content-length': '2',
58 verbose headers   'accept-ranges': 'bytes',
58 verbose headers   date: 'Thu, 08 Dec 2016 11:44:29 GMT',
58 verbose headers   via: '1.1 varnish',
58 verbose headers   age: '0',
58 verbose headers   connection: 'keep-alive',
58 verbose headers   'x-served-by': 'cache-lcy1123-LCY',
58 verbose headers   'x-cache': 'MISS',
58 verbose headers   'x-cache-hits': '0',
58 verbose headers   'x-timer': 'S1481197468.665983,VS0,VE633',
58 verbose headers   vary: 'Accept-Encoding' }
59 silly get cb [ 404,
59 silly get   { 'content-type': 'application/json',
59 silly get     'cache-control': 'max-age=0',
59 silly get     'content-length': '2',
59 silly get     'accept-ranges': 'bytes',
59 silly get     date: 'Thu, 08 Dec 2016 11:44:29 GMT',
59 silly get     via: '1.1 varnish',
59 silly get     age: '0',
59 silly get     connection: 'keep-alive',
59 silly get     'x-served-by': 'cache-lcy1123-LCY',
59 silly get     'x-cache': 'MISS',
59 silly get     'x-cache-hits': '0',
59 silly get     'x-timer': 'S1481197468.665983,VS0,VE633',
59 silly get     vary: 'Accept-Encoding' } ]
60 silly fetchPackageMetaData Error: Registry returned 404 for GET on https://registry.npmjs.org/three0.82.1
60 silly fetchPackageMetaData     at makeError (/Users/Elise/.nvm/versions/node/v6.7.0/lib/node_modules/npm/node_modules/npm-registry-client/lib/request.js:264:12)
60 silly fetchPackageMetaData     at CachingRegistryClient.<anonymous> (/Users/Elise/.nvm/versions/node/v6.7.0/lib/node_modules/npm/node_modules/npm-registry-client/lib/request.js:242:14)
60 silly fetchPackageMetaData     at Request._callback (/Users/Elise/.nvm/versions/node/v6.7.0/lib/node_modules/npm/node_modules/npm-registry-client/lib/request.js:172:14)
60 silly fetchPackageMetaData     at Request.self.callback (/Users/Elise/.nvm/versions/node/v6.7.0/lib/node_modules/npm/node_modules/request/request.js:200:22)
60 silly fetchPackageMetaData     at emitTwo (events.js:106:13)
60 silly fetchPackageMetaData     at Request.emit (events.js:191:7)
60 silly fetchPackageMetaData     at Request.<anonymous> (/Users/Elise/.nvm/versions/node/v6.7.0/lib/node_modules/npm/node_modules/request/request.js:1067:10)
60 silly fetchPackageMetaData     at emitOne (events.js:101:20)
60 silly fetchPackageMetaData     at Request.emit (events.js:188:7)
60 silly fetchPackageMetaData     at IncomingMessage.<anonymous> (/Users/Elise/.nvm/versions/node/v6.7.0/lib/node_modules/npm/node_modules/request/request.js:988:12)
60 silly fetchPackageMetaData  error for three0.82.1 { Error: Registry returned 404 for GET on https://registry.npmjs.org/three0.82.1
60 silly fetchPackageMetaData     at makeError (/Users/Elise/.nvm/versions/node/v6.7.0/lib/node_modules/npm/node_modules/npm-registry-client/lib/request.js:264:12)
60 silly fetchPackageMetaData     at CachingRegistryClient.<anonymous> (/Users/Elise/.nvm/versions/node/v6.7.0/lib/node_modules/npm/node_modules/npm-registry-client/lib/request.js:242:14)
60 silly fetchPackageMetaData     at Request._callback (/Users/Elise/.nvm/versions/node/v6.7.0/lib/node_modules/npm/node_modules/npm-registry-client/lib/request.js:172:14)
60 silly fetchPackageMetaData     at Request.self.callback (/Users/Elise/.nvm/versions/node/v6.7.0/lib/node_modules/npm/node_modules/request/request.js:200:22)
60 silly fetchPackageMetaData     at emitTwo (events.js:106:13)
60 silly fetchPackageMetaData     at Request.emit (events.js:191:7)
60 silly fetchPackageMetaData     at Request.<anonymous> (/Users/Elise/.nvm/versions/node/v6.7.0/lib/node_modules/npm/node_modules/request/request.js:1067:10)
60 silly fetchPackageMetaData     at emitOne (events.js:101:20)
60 silly fetchPackageMetaData     at Request.emit (events.js:188:7)
60 silly fetchPackageMetaData     at IncomingMessage.<anonymous> (/Users/Elise/.nvm/versions/node/v6.7.0/lib/node_modules/npm/node_modules/request/request.js:988:12) pkgid: 'three0.82.1', statusCode: 404, code: 'E404' }
61 silly rollbackFailedOptional Starting
62 silly rollbackFailedOptional Finishing
63 silly runTopLevelLifecycles Starting
64 silly runTopLevelLifecycles Finishing
65 silly install printInstalled
66 verbose stack Error: Registry returned 404 for GET on https://registry.npmjs.org/three0.82.1
66 verbose stack     at makeError (/Users/Elise/.nvm/versions/node/v6.7.0/lib/node_modules/npm/node_modules/npm-registry-client/lib/request.js:264:12)
66 verbose stack     at CachingRegistryClient.<anonymous> (/Users/Elise/.nvm/versions/node/v6.7.0/lib/node_modules/npm/node_modules/npm-registry-client/lib/request.js:242:14)
66 verbose stack     at Request._callback (/Users/Elise/.nvm/versions/node/v6.7.0/lib/node_modules/npm/node_modules/npm-registry-client/lib/request.js:172:14)
66 verbose stack     at Request.self.callback (/Users/Elise/.nvm/versions/node/v6.7.0/lib/node_modules/npm/node_modules/request/request.js:200:22)
66 verbose stack     at emitTwo (events.js:106:13)
66 verbose stack     at Request.emit (events.js:191:7)
66 verbose stack     at Request.<anonymous> (/Users/Elise/.nvm/versions/node/v6.7.0/lib/node_modules/npm/node_modules/request/request.js:1067:10)
66 verbose stack     at emitOne (events.js:101:20)
66 verbose stack     at Request.emit (events.js:188:7)
66 verbose stack     at IncomingMessage.<anonymous> (/Users/Elise/.nvm/versions/node/v6.7.0/lib/node_modules/npm/node_modules/request/request.js:988:12)
67 verbose statusCode 404
68 verbose pkgid three0.82.1
69 verbose cwd /Users/Elise/Dropbox/_DEVINE/_DEVINE4/EXPERIMENTAL_WEB/Opdracht/DD&D/OnderInvloed/code/game
70 error Darwin 16.1.0
71 error argv "/Users/Elise/.nvm/versions/node/v6.7.0/bin/node" "/Users/Elise/.nvm/versions/node/v6.7.0/bin/npm" "install" "--save" "react@15.4.1" "react-dom@15.4.1" "three0.82.1"
72 error node v6.7.0
73 error npm  v3.10.3
74 error code E404
75 error 404 Registry returned 404 for GET on https://registry.npmjs.org/three0.82.1
76 error 404
77 error 404 'three0.82.1' is not in the npm registry.
78 error 404 You should bug the author to publish it (or use the name yourself!)
79 error 404 Note that you can also install from a
80 error 404 tarball, folder, http url, or git url.
81 verbose exit [ 1, true ]
